<?xml version="1.0" encoding="UTF-8"?>
<!-- Generated by org.testng.reporters.JUnitReportReporter -->
<testsuite hostname="deepak" failures="0" tests="1" name="com.flipkart.pages.SearchProductTest" time="0.003" errors="0" timestamp="2020-08-19T19:15:04 IST" skipped="0">
  <testcase classname="com.flipkart.pages.SearchProductTest" name="run" time="0.003"/>
  <system-out>
search product pass  </system-out>
</testsuite> <!-- com.flipkart.pages.SearchProductTest -->
